<?xml version="1.0" encoding="UTF-8"?>
<!-- Generated by org.testng.reporters.JUnitXMLReporter -->
<testsuite hostname="Admin-PC" ignored="0" name="HubSpot Tests" tests="4" failures="0" timestamp="24 Jul 2019 17:19:49 GMT" time="132.899" errors="0">
  <testcase name="verifyLoginPageTitleTest" time="7.705" classname="com.qa.HubSpot.Tests.LoginPageTest"/>
  <testcase name="verifyHomePageTitleTest" time="38.83" classname="com.qa.HubSpot.Tests.HomePageTest"/>
  <testcase name="loginTest" time="10.594" classname="com.qa.HubSpot.Tests.LoginPageTest"/>
  <testcase name="verifyHomePageHeaderTest" time="29.204" classname="com.qa.HubSpot.Tests.HomePageTest"/>
</testsuite> <!-- HubSpot Tests -->
