<?xml version="1.0" encoding="UTF-8"?>
<!-- Generated by org.testng.reporters.JUnitXMLReporter -->
<testsuite hostname="Admin-PC" name="HubSpot Tests" tests="4" failures="0" timestamp="27 Jul 2019 07:16:07 GMT" time="108.362" errors="0">
  <testcase name="verifyLoginPageTitleTest" time="0.063" classname="com.qa.CRM.Tests.LoginPageTest"/>
  <testcase name="loginTest" time="12.275" classname="com.qa.CRM.Tests.LoginPageTest"/>
  <testcase name="verifyHomePageTitleTest" time="12.241" classname="com.qa.CRM.Tests.HomePageTest"/>
  <testcase name="verifyHomePageHeaderTest" time="13.882" classname="com.qa.CRM.Tests.HomePageTest"/>
</testsuite> <!-- HubSpot Tests -->
