<?xml version="1.0" encoding="UTF-8"?>
<!-- Generated by org.testng.reporters.JUnitXMLReporter -->
<testsuite hostname="Admin-PC" name="CRM Tests" tests="4" failures="0" timestamp="27 Jul 2019 09:27:53 GMT" time="122.771" errors="0">
  <testcase name="verifyLoginPageTitleTest" time="0.036" classname="com.qa.CRM.Tests.LoginPageTest"/>
  <testcase name="loginTest" time="15.902" classname="com.qa.CRM.Tests.LoginPageTest"/>
  <testcase name="verifyHomePageTitleTest" time="13.698" classname="com.qa.CRM.Tests.HomePageTest"/>
  <testcase name="verifyHomePageHeaderTest" time="15.997" classname="com.qa.CRM.Tests.HomePageTest"/>
</testsuite> <!-- CRM Tests -->
