<?xml version="1.0" encoding="UTF-8"?>
<!-- Generated by org.testng.reporters.JUnitXMLReporter -->
<testsuite hostname="Admin-PC" name="CRM Tests" tests="4" failures="0" timestamp="28 Jul 2019 12:46:34 GMT" time="111.651" errors="0">
  <testcase name="verifyLoginPageTitleTest" time="0.049" classname="com.qa.CRM.Tests.LoginPageTest"/>
  <testcase name="loginTest" time="12.583" classname="com.qa.CRM.Tests.LoginPageTest"/>
  <testcase name="verifyHomePageTitleTest" time="13.149" classname="com.qa.CRM.Tests.HomePageTest"/>
  <testcase name="verifyHomePageHeaderTest" time="18.226" classname="com.qa.CRM.Tests.HomePageTest"/>
</testsuite> <!-- CRM Tests -->
